<?xml version="1.0" encoding="UTF-8"?>
<!-- Generated by org.testng.reporters.JUnitReportReporter -->
<testsuite hostname="DESKTOP-JKHHQVR" name="TestPage.hometest" tests="4" failures="0" timestamp="3 Jan 2020 10:44:33 GMT" time="5.348" errors="0">
  <testcase name="verifysmall" time="0.076" classname="TestPage.hometest"/>
  <testcase name="clickwomen" time="4.812" classname="TestPage.hometest"/>
  <testcase name="verifymedium" time="0.120" classname="TestPage.hometest"/>
  <testcase name="verifylarge" time="0.340" classname="TestPage.hometest"/>
</testsuite> <!-- TestPage.hometest -->
